2022-08-23 08:54:58.228  INFO [BOOK,,] 174512 --- [main] c.c.c.ConfigServicePropertySourceLocator : Fetching config from server at : http://localhost:8888
2022-08-23 08:54:58.647  INFO [BOOK,,] 174512 --- [main] c.c.c.ConfigServicePropertySourceLocator : Connect Timeout Exception on Url - http://localhost:8888. Will be trying the next url if available
2022-08-23 08:54:58.652  WARN [BOOK,,] 174512 --- [main] c.c.c.ConfigServicePropertySourceLocator : Could not locate PropertySource: I/O error on GET request for "http://localhost:8888/BOOK/default": Connection refused: no further information; nested exception is java.net.ConnectException: Connection refused: no further information
2022-08-23 08:54:58.660  INFO [BOOK,,] 174512 --- [main] com.books.books.BooksApplication         : The following 1 profile is active: "native"
2022-08-23 08:55:01.090  INFO [BOOK,,] 174512 --- [main] .s.d.r.c.RepositoryConfigurationDelegate : Multiple Spring Data modules found, entering strict repository configuration mode
2022-08-23 08:55:01.112  INFO [BOOK,,] 174512 --- [main] .s.d.r.c.RepositoryConfigurationDelegate : Bootstrapping Spring Data JPA repositories in DEFAULT mode.
2022-08-23 08:55:01.224  INFO [BOOK,,] 174512 --- [main] .RepositoryConfigurationExtensionSupport : Spring Data JPA - Could not safely identify store assignment for repository candidate interface com.books.books.repository.BookRepository; If you want this repository to be a JPA repository, consider annotating your entities with one of these annotations: javax.persistence.Entity, javax.persistence.MappedSuperclass (preferred), or consider extending one of the following types with your repository: org.springframework.data.jpa.repository.JpaRepository
2022-08-23 08:55:01.233  INFO [BOOK,,] 174512 --- [main] .RepositoryConfigurationExtensionSupport : Spring Data JPA - Could not safely identify store assignment for repository candidate interface com.books.books.repository.VendorRepository; If you want this repository to be a JPA repository, consider annotating your entities with one of these annotations: javax.persistence.Entity, javax.persistence.MappedSuperclass (preferred), or consider extending one of the following types with your repository: org.springframework.data.jpa.repository.JpaRepository
2022-08-23 08:55:01.236  INFO [BOOK,,] 174512 --- [main] .s.d.r.c.RepositoryConfigurationDelegate : Finished Spring Data repository scanning in 85 ms. Found 0 JPA repository interfaces.
2022-08-23 08:55:01.738  INFO [BOOK,,] 174512 --- [main] .s.d.r.c.RepositoryConfigurationDelegate : Multiple Spring Data modules found, entering strict repository configuration mode
2022-08-23 08:55:01.740  INFO [BOOK,,] 174512 --- [main] .s.d.r.c.RepositoryConfigurationDelegate : Bootstrapping Spring Data MongoDB repositories in DEFAULT mode.
2022-08-23 08:55:02.235  INFO [BOOK,,] 174512 --- [main] .s.d.r.c.RepositoryConfigurationDelegate : Finished Spring Data repository scanning in 491 ms. Found 2 MongoDB repository interfaces.
2022-08-23 08:55:03.577  INFO [BOOK,,] 174512 --- [main] o.s.cloud.context.scope.GenericScope     : BeanFactory id=8d735d41-bbd1-3a70-8200-abd3d42c9e9b
2022-08-23 08:55:03.929  INFO [BOOK,,] 174512 --- [main] ptablePropertiesBeanFactoryPostProcessor : Post-processing PropertySource instances
2022-08-23 08:55:03.945  INFO [BOOK,,] 174512 --- [main] c.u.j.EncryptablePropertySourceConverter : Skipping PropertySource configurationProperties [class org.springframework.boot.context.properties.source.ConfigurationPropertySourcesPropertySource
2022-08-23 08:55:03.947  INFO [BOOK,,] 174512 --- [main] c.u.j.EncryptablePropertySourceConverter : Skipping PropertySource servletConfigInitParams [class org.springframework.core.env.PropertySource$StubPropertySource
2022-08-23 08:55:03.951  INFO [BOOK,,] 174512 --- [main] c.u.j.EncryptablePropertySourceConverter : Skipping PropertySource servletContextInitParams [class org.springframework.core.env.PropertySource$StubPropertySource
2022-08-23 08:55:03.958  INFO [BOOK,,] 174512 --- [main] c.u.j.EncryptablePropertySourceConverter : Converting PropertySource systemProperties [org.springframework.core.env.PropertiesPropertySource] to EncryptableMapPropertySourceWrapper
2022-08-23 08:55:03.964  INFO [BOOK,,] 174512 --- [main] c.u.j.EncryptablePropertySourceConverter : Converting PropertySource systemEnvironment [org.springframework.boot.env.SystemEnvironmentPropertySourceEnvironmentPostProcessor$OriginAwareSystemEnvironmentPropertySource] to EncryptableSystemEnvironmentPropertySourceWrapper
2022-08-23 08:55:03.970  INFO [BOOK,,] 174512 --- [main] c.u.j.EncryptablePropertySourceConverter : Converting PropertySource random [org.springframework.boot.env.RandomValuePropertySource] to EncryptablePropertySourceWrapper
2022-08-23 08:55:03.973  INFO [BOOK,,] 174512 --- [main] c.u.j.EncryptablePropertySourceConverter : Converting PropertySource cachedrandom [org.springframework.cloud.util.random.CachedRandomPropertySource] to EncryptablePropertySourceWrapper
2022-08-23 08:55:03.977  INFO [BOOK,,] 174512 --- [main] c.u.j.EncryptablePropertySourceConverter : Converting PropertySource springCloudClientHostInfo [org.springframework.core.env.MapPropertySource] to EncryptableMapPropertySourceWrapper
2022-08-23 08:55:03.988  INFO [BOOK,,] 174512 --- [main] c.u.j.EncryptablePropertySourceConverter : Converting PropertySource Config resource 'class path resource [application.yml]' via location 'optional:classpath:/' [org.springframework.boot.env.OriginTrackedMapPropertySource] to EncryptableMapPropertySourceWrapper
2022-08-23 08:55:03.992  INFO [BOOK,,] 174512 --- [main] c.u.j.EncryptablePropertySourceConverter : Converting PropertySource springCloudDefaultProperties [org.springframework.core.env.MapPropertySource] to EncryptableMapPropertySourceWrapper
2022-08-23 08:55:04.014  INFO [BOOK,,] 174512 --- [main] c.u.j.EncryptablePropertySourceConverter : Converting PropertySource defaultProperties [org.springframework.core.env.MapPropertySource] to EncryptableMapPropertySourceWrapper
2022-08-23 08:55:05.686  INFO [BOOK,,] 174512 --- [main] c.u.j.filter.DefaultLazyPropertyFilter   : Property Filter custom Bean not found with name 'encryptablePropertyFilter'. Initializing Default Property Filter
2022-08-23 08:55:07.409  INFO [BOOK,,] 174512 --- [main] o.s.b.w.embedded.tomcat.TomcatWebServer  : Tomcat initialized with port(s): 8098 (http)
2022-08-23 08:55:07.427  INFO [BOOK,,] 174512 --- [main] o.apache.catalina.core.StandardService   : Starting service [Tomcat]
2022-08-23 08:55:07.429  INFO [BOOK,,] 174512 --- [main] org.apache.catalina.core.StandardEngine  : Starting Servlet engine: [Apache Tomcat/9.0.65]
2022-08-23 08:55:07.591  INFO [BOOK,,] 174512 --- [main] o.a.c.c.C.[Tomcat].[localhost].[/]       : Initializing Spring embedded WebApplicationContext
2022-08-23 08:55:07.593  INFO [BOOK,,] 174512 --- [main] w.s.c.ServletWebServerApplicationContext : Root WebApplicationContext: initialization completed in 8871 ms
2022-08-23 08:55:08.311  INFO [BOOK,,] 174512 --- [main] c.u.j.r.DefaultLazyPropertyResolver      : Property Resolver custom Bean not found with name 'encryptablePropertyResolver'. Initializing Default Property Resolver
2022-08-23 08:55:08.325  INFO [BOOK,,] 174512 --- [main] c.u.j.d.DefaultLazyPropertyDetector      : Property Detector custom Bean not found with name 'encryptablePropertyDetector'. Initializing Default Property Detector
2022-08-23 08:55:09.402  WARN [BOOK,,] 174512 --- [pool-2-thread-1] o.s.c.s.a.z.ZipkinAutoConfiguration      : Check result of the [RestTemplateSender{http://127.0.0.1:9411/api/v2/spans}] contains an error [CheckResult{ok=false, error=org.springframework.web.client.ResourceAccessException: I/O error on POST request for "http://127.0.0.1:9411/api/v2/spans": Connection refused: no further information; nested exception is java.net.ConnectException: Connection refused: no further information}]
2022-08-23 08:55:10.512  INFO [BOOK,,] 174512 --- [main] o.hibernate.jpa.internal.util.LogHelper  : HHH000204: Processing PersistenceUnitInfo [name: default]
2022-08-23 08:55:10.800  INFO [BOOK,,] 174512 --- [main] org.hibernate.Version                    : HHH000412: Hibernate ORM core version 5.6.10.Final
2022-08-23 08:55:11.668  WARN [BOOK,,] 174512 --- [main] ConfigServletWebServerApplicationContext : Exception encountered during context initialization - cancelling refresh attempt: org.springframework.beans.factory.BeanCreationException: Error creating bean with name 'entityManagerFactory' defined in class path resource [org/springframework/boot/autoconfigure/orm/jpa/HibernateJpaConfiguration.class]: Invocation of init method failed; nested exception is java.lang.NoSuchMethodError: 'javax.persistence.ValidationMode javax.persistence.spi.PersistenceUnitInfo.getValidationMode()'
2022-08-23 08:55:12.678  WARN [BOOK,,] 174512 --- [main] z.r.AsyncReporter$BoundedAsyncReporter   : Timed out waiting for in-flight spans to send
2022-08-23 08:55:12.684  INFO [BOOK,,] 174512 --- [main] o.apache.catalina.core.StandardService   : Stopping service [Tomcat]
2022-08-23 08:55:12.743  INFO [BOOK,,] 174512 --- [main] ConditionEvaluationReportLoggingListener : 

Error starting ApplicationContext. To display the conditions report re-run your application with 'debug' enabled.
2022-08-23 08:55:12.856 ERROR [BOOK,,] 174512 --- [main] o.s.b.d.LoggingFailureAnalysisReporter   : 

***************************
APPLICATION FAILED TO START
***************************

Description:

An attempt was made to call a method that does not exist. The attempt was made from the following location:

    org.hibernate.jpa.boot.internal.PersistenceUnitInfoDescriptor.getValidationMode(PersistenceUnitInfoDescriptor.java:88)

The following method did not exist:

    'javax.persistence.ValidationMode javax.persistence.spi.PersistenceUnitInfo.getValidationMode()'

The calling method's class, org.hibernate.jpa.boot.internal.PersistenceUnitInfoDescriptor, was loaded from the following location:

    jar:file:/D:/books/target/books-0.0.1-SNAPSHOT.jar!/BOOT-INF/lib/hibernate-core-5.6.10.Final.jar!/org/hibernate/jpa/boot/internal/PersistenceUnitInfoDescriptor.class

The called method's class, javax.persistence.spi.PersistenceUnitInfo, is available from the following locations:

    jar:file:/D:/books/target/books-0.0.1-SNAPSHOT.jar!/BOOT-INF/lib/persistence-api-1.0.2.jar!/javax/persistence/spi/PersistenceUnitInfo.class
    jar:file:/D:/books/target/books-0.0.1-SNAPSHOT.jar!/BOOT-INF/lib/jakarta.persistence-api-2.2.3.jar!/javax/persistence/spi/PersistenceUnitInfo.class

The called method's class hierarchy was loaded from the following locations:

    javax.persistence.spi.PersistenceUnitInfo: jar:file:/D:/books/target/books-0.0.1-SNAPSHOT.jar!/BOOT-INF/lib/persistence-api-1.0.2.jar!/


Action:

Correct the classpath of your application so that it contains compatible versions of the classes org.hibernate.jpa.boot.internal.PersistenceUnitInfoDescriptor and javax.persistence.spi.PersistenceUnitInfo

2022-08-23 08:55:12.871  INFO [BOOK,,] 174512 --- [Thread-3] o.s.c.s.a.z.ZipkinAutoConfiguration      : Flushing remaining spans on shutdown
2022-08-23 08:56:26.643  INFO [BOOK,,] 186208 --- [main] c.c.c.ConfigServicePropertySourceLocator : Fetching config from server at : http://localhost:8888
2022-08-23 08:56:27.169  INFO [BOOK,,] 186208 --- [main] c.c.c.ConfigServicePropertySourceLocator : Connect Timeout Exception on Url - http://localhost:8888. Will be trying the next url if available
2022-08-23 08:56:27.171  WARN [BOOK,,] 186208 --- [main] c.c.c.ConfigServicePropertySourceLocator : Could not locate PropertySource: I/O error on GET request for "http://localhost:8888/BOOK/default": Connection refused: no further information; nested exception is java.net.ConnectException: Connection refused: no further information
2022-08-23 08:56:27.185  INFO [BOOK,,] 186208 --- [main] com.books.books.BooksApplication         : The following 1 profile is active: "native"
2022-08-23 08:56:29.701  INFO [BOOK,,] 186208 --- [main] .s.d.r.c.RepositoryConfigurationDelegate : Multiple Spring Data modules found, entering strict repository configuration mode
2022-08-23 08:56:29.708  INFO [BOOK,,] 186208 --- [main] .s.d.r.c.RepositoryConfigurationDelegate : Bootstrapping Spring Data JPA repositories in DEFAULT mode.
2022-08-23 08:56:29.940  INFO [BOOK,,] 186208 --- [main] .RepositoryConfigurationExtensionSupport : Spring Data JPA - Could not safely identify store assignment for repository candidate interface com.books.books.repository.BookRepository; If you want this repository to be a JPA repository, consider annotating your entities with one of these annotations: javax.persistence.Entity, javax.persistence.MappedSuperclass (preferred), or consider extending one of the following types with your repository: org.springframework.data.jpa.repository.JpaRepository
2022-08-23 08:56:29.959  INFO [BOOK,,] 186208 --- [main] .RepositoryConfigurationExtensionSupport : Spring Data JPA - Could not safely identify store assignment for repository candidate interface com.books.books.repository.VendorRepository; If you want this repository to be a JPA repository, consider annotating your entities with one of these annotations: javax.persistence.Entity, javax.persistence.MappedSuperclass (preferred), or consider extending one of the following types with your repository: org.springframework.data.jpa.repository.JpaRepository
2022-08-23 08:56:29.967  INFO [BOOK,,] 186208 --- [main] .s.d.r.c.RepositoryConfigurationDelegate : Finished Spring Data repository scanning in 189 ms. Found 0 JPA repository interfaces.
2022-08-23 08:56:30.505  INFO [BOOK,,] 186208 --- [main] .s.d.r.c.RepositoryConfigurationDelegate : Multiple Spring Data modules found, entering strict repository configuration mode
2022-08-23 08:56:30.508  INFO [BOOK,,] 186208 --- [main] .s.d.r.c.RepositoryConfigurationDelegate : Bootstrapping Spring Data MongoDB repositories in DEFAULT mode.
2022-08-23 08:56:30.997  INFO [BOOK,,] 186208 --- [main] .s.d.r.c.RepositoryConfigurationDelegate : Finished Spring Data repository scanning in 457 ms. Found 2 MongoDB repository interfaces.
2022-08-23 08:56:31.926  INFO [BOOK,,] 186208 --- [main] o.s.cloud.context.scope.GenericScope     : BeanFactory id=8d735d41-bbd1-3a70-8200-abd3d42c9e9b
2022-08-23 08:56:32.450  INFO [BOOK,,] 186208 --- [main] ptablePropertiesBeanFactoryPostProcessor : Post-processing PropertySource instances
2022-08-23 08:56:32.452  INFO [BOOK,,] 186208 --- [main] c.u.j.EncryptablePropertySourceConverter : Skipping PropertySource configurationProperties [class org.springframework.boot.context.properties.source.ConfigurationPropertySourcesPropertySource
2022-08-23 08:56:32.483  INFO [BOOK,,] 186208 --- [main] c.u.j.EncryptablePropertySourceConverter : Skipping PropertySource servletConfigInitParams [class org.springframework.core.env.PropertySource$StubPropertySource
2022-08-23 08:56:32.490  INFO [BOOK,,] 186208 --- [main] c.u.j.EncryptablePropertySourceConverter : Skipping PropertySource servletContextInitParams [class org.springframework.core.env.PropertySource$StubPropertySource
2022-08-23 08:56:32.493  INFO [BOOK,,] 186208 --- [main] c.u.j.EncryptablePropertySourceConverter : Converting PropertySource systemProperties [org.springframework.core.env.PropertiesPropertySource] to EncryptableMapPropertySourceWrapper
2022-08-23 08:56:32.496  INFO [BOOK,,] 186208 --- [main] c.u.j.EncryptablePropertySourceConverter : Converting PropertySource systemEnvironment [org.springframework.boot.env.SystemEnvironmentPropertySourceEnvironmentPostProcessor$OriginAwareSystemEnvironmentPropertySource] to EncryptableSystemEnvironmentPropertySourceWrapper
2022-08-23 08:56:32.511  INFO [BOOK,,] 186208 --- [main] c.u.j.EncryptablePropertySourceConverter : Converting PropertySource random [org.springframework.boot.env.RandomValuePropertySource] to EncryptablePropertySourceWrapper
2022-08-23 08:56:32.537  INFO [BOOK,,] 186208 --- [main] c.u.j.EncryptablePropertySourceConverter : Converting PropertySource cachedrandom [org.springframework.cloud.util.random.CachedRandomPropertySource] to EncryptablePropertySourceWrapper
2022-08-23 08:56:32.540  INFO [BOOK,,] 186208 --- [main] c.u.j.EncryptablePropertySourceConverter : Converting PropertySource springCloudClientHostInfo [org.springframework.core.env.MapPropertySource] to EncryptableMapPropertySourceWrapper
2022-08-23 08:56:32.556  INFO [BOOK,,] 186208 --- [main] c.u.j.EncryptablePropertySourceConverter : Converting PropertySource Config resource 'class path resource [application.yml]' via location 'optional:classpath:/' [org.springframework.boot.env.OriginTrackedMapPropertySource] to EncryptableMapPropertySourceWrapper
2022-08-23 08:56:32.559  INFO [BOOK,,] 186208 --- [main] c.u.j.EncryptablePropertySourceConverter : Converting PropertySource springCloudDefaultProperties [org.springframework.core.env.MapPropertySource] to EncryptableMapPropertySourceWrapper
2022-08-23 08:56:32.568  INFO [BOOK,,] 186208 --- [main] c.u.j.EncryptablePropertySourceConverter : Converting PropertySource defaultProperties [org.springframework.core.env.MapPropertySource] to EncryptableMapPropertySourceWrapper
2022-08-23 08:56:34.327  INFO [BOOK,,] 186208 --- [main] c.u.j.filter.DefaultLazyPropertyFilter   : Property Filter custom Bean not found with name 'encryptablePropertyFilter'. Initializing Default Property Filter
2022-08-23 08:56:35.479  INFO [BOOK,,] 186208 --- [main] o.s.b.w.embedded.tomcat.TomcatWebServer  : Tomcat initialized with port(s): 8098 (http)
2022-08-23 08:56:35.507  INFO [BOOK,,] 186208 --- [main] o.apache.catalina.core.StandardService   : Starting service [Tomcat]
2022-08-23 08:56:35.508  INFO [BOOK,,] 186208 --- [main] org.apache.catalina.core.StandardEngine  : Starting Servlet engine: [Apache Tomcat/9.0.65]
2022-08-23 08:56:35.692  INFO [BOOK,,] 186208 --- [main] o.a.c.c.C.[Tomcat].[localhost].[/]       : Initializing Spring embedded WebApplicationContext
2022-08-23 08:56:35.695  INFO [BOOK,,] 186208 --- [main] w.s.c.ServletWebServerApplicationContext : Root WebApplicationContext: initialization completed in 8425 ms
2022-08-23 08:56:36.328  INFO [BOOK,,] 186208 --- [main] c.u.j.r.DefaultLazyPropertyResolver      : Property Resolver custom Bean not found with name 'encryptablePropertyResolver'. Initializing Default Property Resolver
2022-08-23 08:56:36.373  INFO [BOOK,,] 186208 --- [main] c.u.j.d.DefaultLazyPropertyDetector      : Property Detector custom Bean not found with name 'encryptablePropertyDetector'. Initializing Default Property Detector
2022-08-23 08:56:37.143  WARN [BOOK,,] 186208 --- [pool-1-thread-1] o.s.c.s.a.z.ZipkinAutoConfiguration      : Check result of the [RestTemplateSender{http://127.0.0.1:9411/api/v2/spans}] contains an error [CheckResult{ok=false, error=org.springframework.web.client.ResourceAccessException: I/O error on POST request for "http://127.0.0.1:9411/api/v2/spans": Connection refused: no further information; nested exception is java.net.ConnectException: Connection refused: no further information}]
2022-08-23 08:56:39.873  INFO [BOOK,,] 186208 --- [main] o.hibernate.jpa.internal.util.LogHelper  : HHH000204: Processing PersistenceUnitInfo [name: default]
2022-08-23 08:56:40.174  INFO [BOOK,,] 186208 --- [main] org.hibernate.Version                    : HHH000412: Hibernate ORM core version 5.6.10.Final
2022-08-23 08:56:40.712  WARN [BOOK,,] 186208 --- [main] ConfigServletWebServerApplicationContext : Exception encountered during context initialization - cancelling refresh attempt: org.springframework.beans.factory.BeanCreationException: Error creating bean with name 'entityManagerFactory' defined in class path resource [org/springframework/boot/autoconfigure/orm/jpa/HibernateJpaConfiguration.class]: Invocation of init method failed; nested exception is java.lang.NoSuchMethodError: 'javax.persistence.ValidationMode javax.persistence.spi.PersistenceUnitInfo.getValidationMode()'
2022-08-23 08:56:41.728  WARN [BOOK,,] 186208 --- [main] z.r.AsyncReporter$BoundedAsyncReporter   : Timed out waiting for in-flight spans to send
2022-08-23 08:56:41.735  INFO [BOOK,,] 186208 --- [main] o.apache.catalina.core.StandardService   : Stopping service [Tomcat]
2022-08-23 08:56:41.796  INFO [BOOK,,] 186208 --- [main] ConditionEvaluationReportLoggingListener : 

Error starting ApplicationContext. To display the conditions report re-run your application with 'debug' enabled.
2022-08-23 08:56:41.911 ERROR [BOOK,,] 186208 --- [main] o.s.b.d.LoggingFailureAnalysisReporter   : 

***************************
APPLICATION FAILED TO START
***************************

Description:

An attempt was made to call a method that does not exist. The attempt was made from the following location:

    org.hibernate.jpa.boot.internal.PersistenceUnitInfoDescriptor.getValidationMode(PersistenceUnitInfoDescriptor.java:88)

The following method did not exist:

    'javax.persistence.ValidationMode javax.persistence.spi.PersistenceUnitInfo.getValidationMode()'

The calling method's class, org.hibernate.jpa.boot.internal.PersistenceUnitInfoDescriptor, was loaded from the following location:

    jar:file:/D:/books/target/books-0.0.1-SNAPSHOT.jar!/BOOT-INF/lib/hibernate-core-5.6.10.Final.jar!/org/hibernate/jpa/boot/internal/PersistenceUnitInfoDescriptor.class

The called method's class, javax.persistence.spi.PersistenceUnitInfo, is available from the following locations:

    jar:file:/D:/books/target/books-0.0.1-SNAPSHOT.jar!/BOOT-INF/lib/persistence-api-1.0.2.jar!/javax/persistence/spi/PersistenceUnitInfo.class
    jar:file:/D:/books/target/books-0.0.1-SNAPSHOT.jar!/BOOT-INF/lib/jakarta.persistence-api-2.2.3.jar!/javax/persistence/spi/PersistenceUnitInfo.class

The called method's class hierarchy was loaded from the following locations:

    javax.persistence.spi.PersistenceUnitInfo: jar:file:/D:/books/target/books-0.0.1-SNAPSHOT.jar!/BOOT-INF/lib/persistence-api-1.0.2.jar!/


Action:

Correct the classpath of your application so that it contains compatible versions of the classes org.hibernate.jpa.boot.internal.PersistenceUnitInfoDescriptor and javax.persistence.spi.PersistenceUnitInfo

2022-08-23 09:02:37.537  INFO [BOOK,,] 19216 --- [main] c.c.c.ConfigServicePropertySourceLocator : Fetching config from server at : http://localhost:8888
2022-08-23 09:02:38.300  INFO [BOOK,,] 19216 --- [main] c.c.c.ConfigServicePropertySourceLocator : Connect Timeout Exception on Url - http://localhost:8888. Will be trying the next url if available
2022-08-23 09:02:38.323  WARN [BOOK,,] 19216 --- [main] c.c.c.ConfigServicePropertySourceLocator : Could not locate PropertySource: I/O error on GET request for "http://localhost:8888/BOOK/default": Connection refused: no further information; nested exception is java.net.ConnectException: Connection refused: no further information
2022-08-23 09:02:38.343  INFO [BOOK,,] 19216 --- [main] com.books.books.BooksApplication         : The following 1 profile is active: "native"
2022-08-23 09:02:43.010  INFO [BOOK,,] 19216 --- [main] .s.d.r.c.RepositoryConfigurationDelegate : Multiple Spring Data modules found, entering strict repository configuration mode
2022-08-23 09:02:43.024  INFO [BOOK,,] 19216 --- [main] .s.d.r.c.RepositoryConfigurationDelegate : Bootstrapping Spring Data JPA repositories in DEFAULT mode.
2022-08-23 09:02:43.211  INFO [BOOK,,] 19216 --- [main] .RepositoryConfigurationExtensionSupport : Spring Data JPA - Could not safely identify store assignment for repository candidate interface com.books.books.repository.BookRepository; If you want this repository to be a JPA repository, consider annotating your entities with one of these annotations: javax.persistence.Entity, javax.persistence.MappedSuperclass (preferred), or consider extending one of the following types with your repository: org.springframework.data.jpa.repository.JpaRepository
2022-08-23 09:02:43.246  INFO [BOOK,,] 19216 --- [main] .RepositoryConfigurationExtensionSupport : Spring Data JPA - Could not safely identify store assignment for repository candidate interface com.books.books.repository.VendorRepository; If you want this repository to be a JPA repository, consider annotating your entities with one of these annotations: javax.persistence.Entity, javax.persistence.MappedSuperclass (preferred), or consider extending one of the following types with your repository: org.springframework.data.jpa.repository.JpaRepository
2022-08-23 09:02:43.260  INFO [BOOK,,] 19216 --- [main] .s.d.r.c.RepositoryConfigurationDelegate : Finished Spring Data repository scanning in 159 ms. Found 0 JPA repository interfaces.
2022-08-23 09:02:43.959  INFO [BOOK,,] 19216 --- [main] .s.d.r.c.RepositoryConfigurationDelegate : Multiple Spring Data modules found, entering strict repository configuration mode
2022-08-23 09:02:43.977  INFO [BOOK,,] 19216 --- [main] .s.d.r.c.RepositoryConfigurationDelegate : Bootstrapping Spring Data MongoDB repositories in DEFAULT mode.
2022-08-23 09:02:44.782  INFO [BOOK,,] 19216 --- [main] .s.d.r.c.RepositoryConfigurationDelegate : Finished Spring Data repository scanning in 781 ms. Found 2 MongoDB repository interfaces.
2022-08-23 09:02:46.564  INFO [BOOK,,] 19216 --- [main] o.s.cloud.context.scope.GenericScope     : BeanFactory id=8d735d41-bbd1-3a70-8200-abd3d42c9e9b
2022-08-23 09:02:47.111  INFO [BOOK,,] 19216 --- [main] ptablePropertiesBeanFactoryPostProcessor : Post-processing PropertySource instances
2022-08-23 09:02:47.116  INFO [BOOK,,] 19216 --- [main] c.u.j.EncryptablePropertySourceConverter : Skipping PropertySource configurationProperties [class org.springframework.boot.context.properties.source.ConfigurationPropertySourcesPropertySource
2022-08-23 09:02:47.175  INFO [BOOK,,] 19216 --- [main] c.u.j.EncryptablePropertySourceConverter : Skipping PropertySource servletConfigInitParams [class org.springframework.core.env.PropertySource$StubPropertySource
2022-08-23 09:02:47.210  INFO [BOOK,,] 19216 --- [main] c.u.j.EncryptablePropertySourceConverter : Skipping PropertySource servletContextInitParams [class org.springframework.core.env.PropertySource$StubPropertySource
2022-08-23 09:02:47.329  INFO [BOOK,,] 19216 --- [main] c.u.j.EncryptablePropertySourceConverter : Converting PropertySource systemProperties [org.springframework.core.env.PropertiesPropertySource] to EncryptableMapPropertySourceWrapper
2022-08-23 09:02:47.344  INFO [BOOK,,] 19216 --- [main] c.u.j.EncryptablePropertySourceConverter : Converting PropertySource systemEnvironment [org.springframework.boot.env.SystemEnvironmentPropertySourceEnvironmentPostProcessor$OriginAwareSystemEnvironmentPropertySource] to EncryptableSystemEnvironmentPropertySourceWrapper
2022-08-23 09:02:47.347  INFO [BOOK,,] 19216 --- [main] c.u.j.EncryptablePropertySourceConverter : Converting PropertySource random [org.springframework.boot.env.RandomValuePropertySource] to EncryptablePropertySourceWrapper
2022-08-23 09:02:47.354  INFO [BOOK,,] 19216 --- [main] c.u.j.EncryptablePropertySourceConverter : Converting PropertySource cachedrandom [org.springframework.cloud.util.random.CachedRandomPropertySource] to EncryptablePropertySourceWrapper
2022-08-23 09:02:47.358  INFO [BOOK,,] 19216 --- [main] c.u.j.EncryptablePropertySourceConverter : Converting PropertySource springCloudClientHostInfo [org.springframework.core.env.MapPropertySource] to EncryptableMapPropertySourceWrapper
2022-08-23 09:02:47.362  INFO [BOOK,,] 19216 --- [main] c.u.j.EncryptablePropertySourceConverter : Converting PropertySource Config resource 'class path resource [application.yml]' via location 'optional:classpath:/' [org.springframework.boot.env.OriginTrackedMapPropertySource] to EncryptableMapPropertySourceWrapper
2022-08-23 09:02:47.365  INFO [BOOK,,] 19216 --- [main] c.u.j.EncryptablePropertySourceConverter : Converting PropertySource springCloudDefaultProperties [org.springframework.core.env.MapPropertySource] to EncryptableMapPropertySourceWrapper
2022-08-23 09:02:47.371  INFO [BOOK,,] 19216 --- [main] c.u.j.EncryptablePropertySourceConverter : Converting PropertySource defaultProperties [org.springframework.core.env.MapPropertySource] to EncryptableMapPropertySourceWrapper
2022-08-23 09:02:49.904  INFO [BOOK,,] 19216 --- [main] c.u.j.filter.DefaultLazyPropertyFilter   : Property Filter custom Bean not found with name 'encryptablePropertyFilter'. Initializing Default Property Filter
2022-08-23 09:02:51.713  INFO [BOOK,,] 19216 --- [main] o.s.b.w.embedded.tomcat.TomcatWebServer  : Tomcat initialized with port(s): 8098 (http)
2022-08-23 09:02:51.747  INFO [BOOK,,] 19216 --- [main] o.apache.catalina.core.StandardService   : Starting service [Tomcat]
2022-08-23 09:02:51.749  INFO [BOOK,,] 19216 --- [main] org.apache.catalina.core.StandardEngine  : Starting Servlet engine: [Apache Tomcat/9.0.65]
2022-08-23 09:02:52.003  INFO [BOOK,,] 19216 --- [main] o.a.c.c.C.[Tomcat].[localhost].[/]       : Initializing Spring embedded WebApplicationContext
2022-08-23 09:02:52.006  INFO [BOOK,,] 19216 --- [main] w.s.c.ServletWebServerApplicationContext : Root WebApplicationContext: initialization completed in 13572 ms
2022-08-23 09:02:52.648  INFO [BOOK,,] 19216 --- [main] c.u.j.r.DefaultLazyPropertyResolver      : Property Resolver custom Bean not found with name 'encryptablePropertyResolver'. Initializing Default Property Resolver
2022-08-23 09:02:52.664  INFO [BOOK,,] 19216 --- [main] c.u.j.d.DefaultLazyPropertyDetector      : Property Detector custom Bean not found with name 'encryptablePropertyDetector'. Initializing Default Property Detector
2022-08-23 09:02:53.777  WARN [BOOK,,] 19216 --- [pool-1-thread-1] o.s.c.s.a.z.ZipkinAutoConfiguration      : Check result of the [RestTemplateSender{http://127.0.0.1:9411/api/v2/spans}] contains an error [CheckResult{ok=false, error=org.springframework.web.client.ResourceAccessException: I/O error on POST request for "http://127.0.0.1:9411/api/v2/spans": Connection refused: no further information; nested exception is java.net.ConnectException: Connection refused: no further information}]
2022-08-23 09:02:56.812  INFO [BOOK,,] 19216 --- [main] o.hibernate.jpa.internal.util.LogHelper  : HHH000204: Processing PersistenceUnitInfo [name: default]
2022-08-23 09:02:57.325  INFO [BOOK,,] 19216 --- [main] org.hibernate.Version                    : HHH000412: Hibernate ORM core version 5.6.10.Final
2022-08-23 09:02:58.304  WARN [BOOK,,] 19216 --- [main] ConfigServletWebServerApplicationContext : Exception encountered during context initialization - cancelling refresh attempt: org.springframework.beans.factory.BeanCreationException: Error creating bean with name 'entityManagerFactory' defined in class path resource [org/springframework/boot/autoconfigure/orm/jpa/HibernateJpaConfiguration.class]: Invocation of init method failed; nested exception is java.lang.NoSuchMethodError: 'javax.persistence.ValidationMode javax.persistence.spi.PersistenceUnitInfo.getValidationMode()'
2022-08-23 09:02:59.393  WARN [BOOK,,] 19216 --- [main] z.r.AsyncReporter$BoundedAsyncReporter   : Timed out waiting for in-flight spans to send
2022-08-23 09:02:59.431  INFO [BOOK,,] 19216 --- [main] o.apache.catalina.core.StandardService   : Stopping service [Tomcat]
2022-08-23 09:02:59.524  INFO [BOOK,,] 19216 --- [main] ConditionEvaluationReportLoggingListener : 

Error starting ApplicationContext. To display the conditions report re-run your application with 'debug' enabled.
2022-08-23 09:02:59.836 ERROR [BOOK,,] 19216 --- [main] o.s.b.d.LoggingFailureAnalysisReporter   : 

***************************
APPLICATION FAILED TO START
***************************

Description:

An attempt was made to call a method that does not exist. The attempt was made from the following location:

    org.hibernate.jpa.boot.internal.PersistenceUnitInfoDescriptor.getValidationMode(PersistenceUnitInfoDescriptor.java:88)

The following method did not exist:

    'javax.persistence.ValidationMode javax.persistence.spi.PersistenceUnitInfo.getValidationMode()'

The calling method's class, org.hibernate.jpa.boot.internal.PersistenceUnitInfoDescriptor, was loaded from the following location:

    jar:file:/D:/books/target/books-0.0.1-SNAPSHOT.jar!/BOOT-INF/lib/hibernate-core-5.6.10.Final.jar!/org/hibernate/jpa/boot/internal/PersistenceUnitInfoDescriptor.class

The called method's class, javax.persistence.spi.PersistenceUnitInfo, is available from the following locations:

    jar:file:/D:/books/target/books-0.0.1-SNAPSHOT.jar!/BOOT-INF/lib/persistence-api-1.0.2.jar!/javax/persistence/spi/PersistenceUnitInfo.class
    jar:file:/D:/books/target/books-0.0.1-SNAPSHOT.jar!/BOOT-INF/lib/jakarta.persistence-api-2.2.3.jar!/javax/persistence/spi/PersistenceUnitInfo.class

The called method's class hierarchy was loaded from the following locations:

    javax.persistence.spi.PersistenceUnitInfo: jar:file:/D:/books/target/books-0.0.1-SNAPSHOT.jar!/BOOT-INF/lib/persistence-api-1.0.2.jar!/


Action:

Correct the classpath of your application so that it contains compatible versions of the classes org.hibernate.jpa.boot.internal.PersistenceUnitInfoDescriptor and javax.persistence.spi.PersistenceUnitInfo

2022-08-23 09:03:02.139  INFO [BOOK,,] 19216 --- [Thread-3] o.s.c.s.a.z.ZipkinAutoConfiguration      : Flushing remaining spans on shutdown
2022-08-23 09:08:17.224  INFO [BOOK,,] 11080 --- [main] c.c.c.ConfigServicePropertySourceLocator : Fetching config from server at : http://localhost:8888
2022-08-23 09:08:17.625  INFO [BOOK,,] 11080 --- [main] c.c.c.ConfigServicePropertySourceLocator : Connect Timeout Exception on Url - http://localhost:8888. Will be trying the next url if available
2022-08-23 09:08:17.626  WARN [BOOK,,] 11080 --- [main] c.c.c.ConfigServicePropertySourceLocator : Could not locate PropertySource: I/O error on GET request for "http://localhost:8888/BOOK/default": Connection refused: no further information; nested exception is java.net.ConnectException: Connection refused: no further information
2022-08-23 09:08:17.632  INFO [BOOK,,] 11080 --- [main] com.books.books.BooksApplication         : The following 1 profile is active: "native"
2022-08-23 09:08:20.063  INFO [BOOK,,] 11080 --- [main] .s.d.r.c.RepositoryConfigurationDelegate : Multiple Spring Data modules found, entering strict repository configuration mode
2022-08-23 09:08:20.080  INFO [BOOK,,] 11080 --- [main] .s.d.r.c.RepositoryConfigurationDelegate : Bootstrapping Spring Data JPA repositories in DEFAULT mode.
2022-08-23 09:08:20.298  INFO [BOOK,,] 11080 --- [main] .RepositoryConfigurationExtensionSupport : Spring Data JPA - Could not safely identify store assignment for repository candidate interface com.books.books.repository.BookRepository; If you want this repository to be a JPA repository, consider annotating your entities with one of these annotations: javax.persistence.Entity, javax.persistence.MappedSuperclass (preferred), or consider extending one of the following types with your repository: org.springframework.data.jpa.repository.JpaRepository
2022-08-23 09:08:20.319  INFO [BOOK,,] 11080 --- [main] .RepositoryConfigurationExtensionSupport : Spring Data JPA - Could not safely identify store assignment for repository candidate interface com.books.books.repository.VendorRepository; If you want this repository to be a JPA repository, consider annotating your entities with one of these annotations: javax.persistence.Entity, javax.persistence.MappedSuperclass (preferred), or consider extending one of the following types with your repository: org.springframework.data.jpa.repository.JpaRepository
2022-08-23 09:08:20.330  INFO [BOOK,,] 11080 --- [main] .s.d.r.c.RepositoryConfigurationDelegate : Finished Spring Data repository scanning in 192 ms. Found 0 JPA repository interfaces.
2022-08-23 09:08:20.897  INFO [BOOK,,] 11080 --- [main] .s.d.r.c.RepositoryConfigurationDelegate : Multiple Spring Data modules found, entering strict repository configuration mode
2022-08-23 09:08:20.904  INFO [BOOK,,] 11080 --- [main] .s.d.r.c.RepositoryConfigurationDelegate : Bootstrapping Spring Data MongoDB repositories in DEFAULT mode.
2022-08-23 09:08:21.494  INFO [BOOK,,] 11080 --- [main] .s.d.r.c.RepositoryConfigurationDelegate : Finished Spring Data repository scanning in 521 ms. Found 2 MongoDB repository interfaces.
2022-08-23 09:08:22.461  INFO [BOOK,,] 11080 --- [main] o.s.cloud.context.scope.GenericScope     : BeanFactory id=8d735d41-bbd1-3a70-8200-abd3d42c9e9b
2022-08-23 09:08:22.836  INFO [BOOK,,] 11080 --- [main] ptablePropertiesBeanFactoryPostProcessor : Post-processing PropertySource instances
2022-08-23 09:08:22.837  INFO [BOOK,,] 11080 --- [main] c.u.j.EncryptablePropertySourceConverter : Skipping PropertySource configurationProperties [class org.springframework.boot.context.properties.source.ConfigurationPropertySourcesPropertySource
2022-08-23 09:08:22.849  INFO [BOOK,,] 11080 --- [main] c.u.j.EncryptablePropertySourceConverter : Skipping PropertySource servletConfigInitParams [class org.springframework.core.env.PropertySource$StubPropertySource
2022-08-23 09:08:22.882  INFO [BOOK,,] 11080 --- [main] c.u.j.EncryptablePropertySourceConverter : Skipping PropertySource servletContextInitParams [class org.springframework.core.env.PropertySource$StubPropertySource
2022-08-23 09:08:22.889  INFO [BOOK,,] 11080 --- [main] c.u.j.EncryptablePropertySourceConverter : Converting PropertySource systemProperties [org.springframework.core.env.PropertiesPropertySource] to EncryptableMapPropertySourceWrapper
2022-08-23 09:08:22.892  INFO [BOOK,,] 11080 --- [main] c.u.j.EncryptablePropertySourceConverter : Converting PropertySource systemEnvironment [org.springframework.boot.env.SystemEnvironmentPropertySourceEnvironmentPostProcessor$OriginAwareSystemEnvironmentPropertySource] to EncryptableSystemEnvironmentPropertySourceWrapper
2022-08-23 09:08:22.894  INFO [BOOK,,] 11080 --- [main] c.u.j.EncryptablePropertySourceConverter : Converting PropertySource random [org.springframework.boot.env.RandomValuePropertySource] to EncryptablePropertySourceWrapper
2022-08-23 09:08:22.905  INFO [BOOK,,] 11080 --- [main] c.u.j.EncryptablePropertySourceConverter : Converting PropertySource cachedrandom [org.springframework.cloud.util.random.CachedRandomPropertySource] to EncryptablePropertySourceWrapper
2022-08-23 09:08:22.907  INFO [BOOK,,] 11080 --- [main] c.u.j.EncryptablePropertySourceConverter : Converting PropertySource springCloudClientHostInfo [org.springframework.core.env.MapPropertySource] to EncryptableMapPropertySourceWrapper
2022-08-23 09:08:22.909  INFO [BOOK,,] 11080 --- [main] c.u.j.EncryptablePropertySourceConverter : Converting PropertySource Config resource 'class path resource [application.yml]' via location 'optional:classpath:/' [org.springframework.boot.env.OriginTrackedMapPropertySource] to EncryptableMapPropertySourceWrapper
2022-08-23 09:08:22.911  INFO [BOOK,,] 11080 --- [main] c.u.j.EncryptablePropertySourceConverter : Converting PropertySource springCloudDefaultProperties [org.springframework.core.env.MapPropertySource] to EncryptableMapPropertySourceWrapper
2022-08-23 09:08:22.913  INFO [BOOK,,] 11080 --- [main] c.u.j.EncryptablePropertySourceConverter : Converting PropertySource defaultProperties [org.springframework.core.env.MapPropertySource] to EncryptableMapPropertySourceWrapper
2022-08-23 09:08:24.683  INFO [BOOK,,] 11080 --- [main] c.u.j.filter.DefaultLazyPropertyFilter   : Property Filter custom Bean not found with name 'encryptablePropertyFilter'. Initializing Default Property Filter
2022-08-23 09:08:26.060  INFO [BOOK,,] 11080 --- [main] o.s.b.w.embedded.tomcat.TomcatWebServer  : Tomcat initialized with port(s): 8098 (http)
2022-08-23 09:08:26.084  INFO [BOOK,,] 11080 --- [main] o.apache.catalina.core.StandardService   : Starting service [Tomcat]
2022-08-23 09:08:26.086  INFO [BOOK,,] 11080 --- [main] org.apache.catalina.core.StandardEngine  : Starting Servlet engine: [Apache Tomcat/9.0.65]
2022-08-23 09:08:26.323  INFO [BOOK,,] 11080 --- [main] o.a.c.c.C.[Tomcat].[localhost].[/]       : Initializing Spring embedded WebApplicationContext
2022-08-23 09:08:26.324  INFO [BOOK,,] 11080 --- [main] w.s.c.ServletWebServerApplicationContext : Root WebApplicationContext: initialization completed in 8614 ms
2022-08-23 09:08:27.015  INFO [BOOK,,] 11080 --- [main] c.u.j.r.DefaultLazyPropertyResolver      : Property Resolver custom Bean not found with name 'encryptablePropertyResolver'. Initializing Default Property Resolver
2022-08-23 09:08:27.025  INFO [BOOK,,] 11080 --- [main] c.u.j.d.DefaultLazyPropertyDetector      : Property Detector custom Bean not found with name 'encryptablePropertyDetector'. Initializing Default Property Detector
2022-08-23 09:08:27.911  WARN [BOOK,,] 11080 --- [pool-1-thread-1] o.s.c.s.a.z.ZipkinAutoConfiguration      : Check result of the [RestTemplateSender{http://127.0.0.1:9411/api/v2/spans}] contains an error [CheckResult{ok=false, error=org.springframework.web.client.ResourceAccessException: I/O error on POST request for "http://127.0.0.1:9411/api/v2/spans": Connection refused: no further information; nested exception is java.net.ConnectException: Connection refused: no further information}]
2022-08-23 09:08:29.078  INFO [BOOK,,] 11080 --- [main] o.hibernate.jpa.internal.util.LogHelper  : HHH000204: Processing PersistenceUnitInfo [name: default]
2022-08-23 09:08:29.446  INFO [BOOK,,] 11080 --- [main] org.hibernate.Version                    : HHH000412: Hibernate ORM core version 5.6.10.Final
2022-08-23 09:08:30.078  WARN [BOOK,,] 11080 --- [main] ConfigServletWebServerApplicationContext : Exception encountered during context initialization - cancelling refresh attempt: org.springframework.beans.factory.BeanCreationException: Error creating bean with name 'entityManagerFactory' defined in class path resource [org/springframework/boot/autoconfigure/orm/jpa/HibernateJpaConfiguration.class]: Invocation of init method failed; nested exception is java.lang.NoSuchMethodError: 'javax.persistence.ValidationMode javax.persistence.spi.PersistenceUnitInfo.getValidationMode()'
2022-08-23 09:08:31.094  WARN [BOOK,,] 11080 --- [main] z.r.AsyncReporter$BoundedAsyncReporter   : Timed out waiting for in-flight spans to send
2022-08-23 09:08:31.118  INFO [BOOK,,] 11080 --- [main] o.apache.catalina.core.StandardService   : Stopping service [Tomcat]
2022-08-23 09:08:31.206  INFO [BOOK,,] 11080 --- [main] ConditionEvaluationReportLoggingListener : 

Error starting ApplicationContext. To display the conditions report re-run your application with 'debug' enabled.
2022-08-23 09:08:31.309 ERROR [BOOK,,] 11080 --- [main] o.s.b.d.LoggingFailureAnalysisReporter   : 

***************************
APPLICATION FAILED TO START
***************************

Description:

An attempt was made to call a method that does not exist. The attempt was made from the following location:

    org.hibernate.jpa.boot.internal.PersistenceUnitInfoDescriptor.getValidationMode(PersistenceUnitInfoDescriptor.java:88)

The following method did not exist:

    'javax.persistence.ValidationMode javax.persistence.spi.PersistenceUnitInfo.getValidationMode()'

The calling method's class, org.hibernate.jpa.boot.internal.PersistenceUnitInfoDescriptor, was loaded from the following location:

    jar:file:/D:/books/target/books-0.0.1-SNAPSHOT.jar!/BOOT-INF/lib/hibernate-core-5.6.10.Final.jar!/org/hibernate/jpa/boot/internal/PersistenceUnitInfoDescriptor.class

The called method's class, javax.persistence.spi.PersistenceUnitInfo, is available from the following locations:

    jar:file:/D:/books/target/books-0.0.1-SNAPSHOT.jar!/BOOT-INF/lib/persistence-api-1.0.2.jar!/javax/persistence/spi/PersistenceUnitInfo.class
    jar:file:/D:/books/target/books-0.0.1-SNAPSHOT.jar!/BOOT-INF/lib/jakarta.persistence-api-2.2.3.jar!/javax/persistence/spi/PersistenceUnitInfo.class

The called method's class hierarchy was loaded from the following locations:

    javax.persistence.spi.PersistenceUnitInfo: jar:file:/D:/books/target/books-0.0.1-SNAPSHOT.jar!/BOOT-INF/lib/persistence-api-1.0.2.jar!/


Action:

Correct the classpath of your application so that it contains compatible versions of the classes org.hibernate.jpa.boot.internal.PersistenceUnitInfoDescriptor and javax.persistence.spi.PersistenceUnitInfo

2022-08-23 09:10:39.226  INFO [BOOK,,] 117548 --- [main] c.c.c.ConfigServicePropertySourceLocator : Fetching config from server at : http://localhost:8888
2022-08-23 09:10:39.594  INFO [BOOK,,] 117548 --- [main] c.c.c.ConfigServicePropertySourceLocator : Connect Timeout Exception on Url - http://localhost:8888. Will be trying the next url if available
2022-08-23 09:10:39.595  WARN [BOOK,,] 117548 --- [main] c.c.c.ConfigServicePropertySourceLocator : Could not locate PropertySource: I/O error on GET request for "http://localhost:8888/BOOK/default": Connection refused: no further information; nested exception is java.net.ConnectException: Connection refused: no further information
2022-08-23 09:10:39.610  INFO [BOOK,,] 117548 --- [main] com.books.books.BooksApplication         : The following 1 profile is active: "native"
2022-08-23 09:10:41.666  INFO [BOOK,,] 117548 --- [main] .s.d.r.c.RepositoryConfigurationDelegate : Multiple Spring Data modules found, entering strict repository configuration mode
2022-08-23 09:10:41.673  INFO [BOOK,,] 117548 --- [main] .s.d.r.c.RepositoryConfigurationDelegate : Bootstrapping Spring Data JPA repositories in DEFAULT mode.
2022-08-23 09:10:41.790  INFO [BOOK,,] 117548 --- [main] .RepositoryConfigurationExtensionSupport : Spring Data JPA - Could not safely identify store assignment for repository candidate interface com.books.books.repository.BookRepository; If you want this repository to be a JPA repository, consider annotating your entities with one of these annotations: javax.persistence.Entity, javax.persistence.MappedSuperclass (preferred), or consider extending one of the following types with your repository: org.springframework.data.jpa.repository.JpaRepository
2022-08-23 09:10:41.800  INFO [BOOK,,] 117548 --- [main] .RepositoryConfigurationExtensionSupport : Spring Data JPA - Could not safely identify store assignment for repository candidate interface com.books.books.repository.VendorRepository; If you want this repository to be a JPA repository, consider annotating your entities with one of these annotations: javax.persistence.Entity, javax.persistence.MappedSuperclass (preferred), or consider extending one of the following types with your repository: org.springframework.data.jpa.repository.JpaRepository
2022-08-23 09:10:41.803  INFO [BOOK,,] 117548 --- [main] .s.d.r.c.RepositoryConfigurationDelegate : Finished Spring Data repository scanning in 98 ms. Found 0 JPA repository interfaces.
2022-08-23 09:10:42.378  INFO [BOOK,,] 117548 --- [main] .s.d.r.c.RepositoryConfigurationDelegate : Multiple Spring Data modules found, entering strict repository configuration mode
2022-08-23 09:10:42.380  INFO [BOOK,,] 117548 --- [main] .s.d.r.c.RepositoryConfigurationDelegate : Bootstrapping Spring Data MongoDB repositories in DEFAULT mode.
2022-08-23 09:10:43.084  INFO [BOOK,,] 117548 --- [main] .s.d.r.c.RepositoryConfigurationDelegate : Finished Spring Data repository scanning in 684 ms. Found 2 MongoDB repository interfaces.
2022-08-23 09:10:44.005  INFO [BOOK,,] 117548 --- [main] o.s.cloud.context.scope.GenericScope     : BeanFactory id=8d735d41-bbd1-3a70-8200-abd3d42c9e9b
2022-08-23 09:10:44.321  INFO [BOOK,,] 117548 --- [main] ptablePropertiesBeanFactoryPostProcessor : Post-processing PropertySource instances
2022-08-23 09:10:44.324  INFO [BOOK,,] 117548 --- [main] c.u.j.EncryptablePropertySourceConverter : Skipping PropertySource configurationProperties [class org.springframework.boot.context.properties.source.ConfigurationPropertySourcesPropertySource
2022-08-23 09:10:44.333  INFO [BOOK,,] 117548 --- [main] c.u.j.EncryptablePropertySourceConverter : Skipping PropertySource servletConfigInitParams [class org.springframework.core.env.PropertySource$StubPropertySource
2022-08-23 09:10:44.336  INFO [BOOK,,] 117548 --- [main] c.u.j.EncryptablePropertySourceConverter : Skipping PropertySource servletContextInitParams [class org.springframework.core.env.PropertySource$StubPropertySource
2022-08-23 09:10:44.340  INFO [BOOK,,] 117548 --- [main] c.u.j.EncryptablePropertySourceConverter : Converting PropertySource systemProperties [org.springframework.core.env.PropertiesPropertySource] to EncryptableMapPropertySourceWrapper
2022-08-23 09:10:44.342  INFO [BOOK,,] 117548 --- [main] c.u.j.EncryptablePropertySourceConverter : Converting PropertySource systemEnvironment [org.springframework.boot.env.SystemEnvironmentPropertySourceEnvironmentPostProcessor$OriginAwareSystemEnvironmentPropertySource] to EncryptableSystemEnvironmentPropertySourceWrapper
2022-08-23 09:10:44.346  INFO [BOOK,,] 117548 --- [main] c.u.j.EncryptablePropertySourceConverter : Converting PropertySource random [org.springframework.boot.env.RandomValuePropertySource] to EncryptablePropertySourceWrapper
2022-08-23 09:10:44.359  INFO [BOOK,,] 117548 --- [main] c.u.j.EncryptablePropertySourceConverter : Converting PropertySource cachedrandom [org.springframework.cloud.util.random.CachedRandomPropertySource] to EncryptablePropertySourceWrapper
2022-08-23 09:10:44.368  INFO [BOOK,,] 117548 --- [main] c.u.j.EncryptablePropertySourceConverter : Converting PropertySource springCloudClientHostInfo [org.springframework.core.env.MapPropertySource] to EncryptableMapPropertySourceWrapper
2022-08-23 09:10:44.370  INFO [BOOK,,] 117548 --- [main] c.u.j.EncryptablePropertySourceConverter : Converting PropertySource Config resource 'class path resource [application.yml]' via location 'optional:classpath:/' [org.springframework.boot.env.OriginTrackedMapPropertySource] to EncryptableMapPropertySourceWrapper
2022-08-23 09:10:44.373  INFO [BOOK,,] 117548 --- [main] c.u.j.EncryptablePropertySourceConverter : Converting PropertySource springCloudDefaultProperties [org.springframework.core.env.MapPropertySource] to EncryptableMapPropertySourceWrapper
2022-08-23 09:10:44.379  INFO [BOOK,,] 117548 --- [main] c.u.j.EncryptablePropertySourceConverter : Converting PropertySource defaultProperties [org.springframework.core.env.MapPropertySource] to EncryptableMapPropertySourceWrapper
2022-08-23 09:10:45.886  INFO [BOOK,,] 117548 --- [main] c.u.j.filter.DefaultLazyPropertyFilter   : Property Filter custom Bean not found with name 'encryptablePropertyFilter'. Initializing Default Property Filter
2022-08-23 09:10:46.918  INFO [BOOK,,] 117548 --- [main] o.s.b.w.embedded.tomcat.TomcatWebServer  : Tomcat initialized with port(s): 8098 (http)
2022-08-23 09:10:46.949  INFO [BOOK,,] 117548 --- [main] o.apache.catalina.core.StandardService   : Starting service [Tomcat]
2022-08-23 09:10:46.955  INFO [BOOK,,] 117548 --- [main] org.apache.catalina.core.StandardEngine  : Starting Servlet engine: [Apache Tomcat/9.0.65]
2022-08-23 09:10:47.207  INFO [BOOK,,] 117548 --- [main] o.a.c.c.C.[Tomcat].[localhost].[/]       : Initializing Spring embedded WebApplicationContext
2022-08-23 09:10:47.214  INFO [BOOK,,] 117548 --- [main] w.s.c.ServletWebServerApplicationContext : Root WebApplicationContext: initialization completed in 7554 ms
2022-08-23 09:10:47.750  INFO [BOOK,,] 117548 --- [main] c.u.j.r.DefaultLazyPropertyResolver      : Property Resolver custom Bean not found with name 'encryptablePropertyResolver'. Initializing Default Property Resolver
2022-08-23 09:10:47.758  INFO [BOOK,,] 117548 --- [main] c.u.j.d.DefaultLazyPropertyDetector      : Property Detector custom Bean not found with name 'encryptablePropertyDetector'. Initializing Default Property Detector
2022-08-23 09:10:48.645  WARN [BOOK,,] 117548 --- [pool-1-thread-1] o.s.c.s.a.z.ZipkinAutoConfiguration      : Check result of the [RestTemplateSender{http://127.0.0.1:9411/api/v2/spans}] contains an error [CheckResult{ok=false, error=org.springframework.web.client.ResourceAccessException: I/O error on POST request for "http://127.0.0.1:9411/api/v2/spans": Connection refused: no further information; nested exception is java.net.ConnectException: Connection refused: no further information}]
2022-08-23 09:10:49.523  INFO [BOOK,,] 117548 --- [main] o.hibernate.jpa.internal.util.LogHelper  : HHH000204: Processing PersistenceUnitInfo [name: default]
2022-08-23 09:10:49.933  INFO [BOOK,,] 117548 --- [main] org.hibernate.Version                    : HHH000412: Hibernate ORM core version 5.6.10.Final
2022-08-23 09:10:50.907  INFO [BOOK,,] 117548 --- [main] o.hibernate.annotations.common.Version   : HCANN000001: Hibernate Commons Annotations {5.1.2.Final}
2022-08-23 09:10:51.264  INFO [BOOK,,] 117548 --- [main] com.zaxxer.hikari.HikariDataSource       : HikariPool-1 - Starting...
2022-08-23 09:10:51.850  INFO [BOOK,,] 117548 --- [main] com.zaxxer.hikari.HikariDataSource       : HikariPool-1 - Start completed.
2022-08-23 09:10:52.027  INFO [BOOK,,] 117548 --- [main] org.hibernate.dialect.Dialect            : HHH000400: Using dialect: org.hibernate.dialect.MySQL55Dialect
2022-08-23 09:10:56.565  INFO [BOOK,,] 117548 --- [main] o.h.e.t.j.p.i.JtaPlatformInitiator       : HHH000490: Using JtaPlatform implementation: [org.hibernate.engine.transaction.jta.platform.internal.NoJtaPlatform]
2022-08-23 09:10:56.590  INFO [BOOK,,] 117548 --- [main] j.LocalContainerEntityManagerFactoryBean : Initialized JPA EntityManagerFactory for persistence unit 'default'
2022-08-23 09:10:57.728  INFO [BOOK,,] 117548 --- [cluster-rtt-ClusterId{value='63043731b3d5f83dc6403b19', description='null'}-localhost:27017] org.mongodb.driver.connection            : Opened connection [connectionId{localValue:1, serverValue:54}] to localhost:27017
2022-08-23 09:10:57.729  INFO [BOOK,,] 117548 --- [cluster-ClusterId{value='63043731b3d5f83dc6403b19', description='null'}-localhost:27017] org.mongodb.driver.connection            : Opened connection [connectionId{localValue:2, serverValue:53}] to localhost:27017
2022-08-23 09:10:57.743  INFO [BOOK,,] 117548 --- [cluster-ClusterId{value='63043731b3d5f83dc6403b19', description='null'}-localhost:27017] org.mongodb.driver.cluster               : Monitor thread successfully connected to server with description ServerDescription{address=localhost:27017, type=STANDALONE, state=CONNECTED, ok=true, minWireVersion=0, maxWireVersion=17, maxDocumentSize=16777216, logicalSessionTimeoutMinutes=30, roundTripTimeNanos=63345000}
2022-08-23 09:10:57.731  INFO [BOOK,,] 117548 --- [main] org.mongodb.driver.client                : MongoClient with metadata {"driver": {"name": "mongo-java-driver|sync|spring-boot", "version": "4.6.1"}, "os": {"type": "Windows", "name": "Windows 10", "architecture": "amd64", "version": "10.0"}, "platform": "Java/Oracle Corporation/17.0.4+11-LTS-179"} created with settings MongoClientSettings{readPreference=primary, writeConcern=WriteConcern{w=null, wTimeout=null ms, journal=null}, retryWrites=true, retryReads=true, readConcern=ReadConcern{level=null}, credential=null, streamFactoryFactory=null, commandListeners=[org.springframework.cloud.sleuth.instrument.mongodb.TraceMongoCommandListener@34d45ec0], codecRegistry=ProvidersCodecRegistry{codecProviders=[ValueCodecProvider{}, BsonValueCodecProvider{}, DBRefCodecProvider{}, DBObjectCodecProvider{}, DocumentCodecProvider{}, IterableCodecProvider{}, MapCodecProvider{}, GeoJsonCodecProvider{}, GridFSFileCodecProvider{}, Jsr310CodecProvider{}, JsonObjectCodecProvider{}, BsonCodecProvider{}, EnumCodecProvider{}, com.mongodb.Jep395RecordCodecProvider@4667c4c1]}, clusterSettings={hosts=[localhost:27017], srvServiceName=mongodb, mode=SINGLE, requiredClusterType=UNKNOWN, requiredReplicaSetName='null', serverSelector='null', clusterListeners='[]', serverSelectionTimeout='30000 ms', localThreshold='30000 ms'}, socketSettings=SocketSettings{connectTimeoutMS=10000, readTimeoutMS=0, receiveBufferSize=0, sendBufferSize=0}, heartbeatSocketSettings=SocketSettings{connectTimeoutMS=10000, readTimeoutMS=10000, receiveBufferSize=0, sendBufferSize=0}, connectionPoolSettings=ConnectionPoolSettings{maxSize=100, minSize=0, maxWaitTimeMS=120000, maxConnectionLifeTimeMS=0, maxConnectionIdleTimeMS=0, maintenanceInitialDelayMS=0, maintenanceFrequencyMS=60000, connectionPoolListeners=[], maxConnecting=2}, serverSettings=ServerSettings{heartbeatFrequencyMS=10000, minHeartbeatFrequencyMS=500, serverListeners='[]', serverMonitorListeners='[]'}, sslSettings=SslSettings{enabled=false, invalidHostNameAllowed=false, context=null}, applicationName='null', compressorList=[], uuidRepresentation=JAVA_LEGACY, serverApi=null, autoEncryptionSettings=null, contextProvider=org.springframework.cloud.sleuth.instrument.mongodb.TraceSynchronousMongoClientSettingsBuilderCustomizer$$Lambda$978/0x0000000801452338@18137eab}
2022-08-23 09:10:58.265  WARN [BOOK,,] 117548 --- [main] o.s.data.convert.CustomConversions       : Registering converter from class java.time.LocalDateTime to class org.joda.time.LocalDateTime as reading converter although it doesn't convert from a store-supported type; You might want to check your annotation setup at the converter implementation
2022-08-23 09:10:58.840  WARN [BOOK,,] 117548 --- [main] o.s.data.convert.CustomConversions       : Registering converter from class java.time.LocalDateTime to class org.joda.time.LocalDateTime as reading converter although it doesn't convert from a store-supported type; You might want to check your annotation setup at the converter implementation
2022-08-23 09:10:59.810  WARN [BOOK,,] 117548 --- [main] ConfigServletWebServerApplicationContext : Exception encountered during context initialization - cancelling refresh attempt: org.springframework.beans.factory.UnsatisfiedDependencyException: Error creating bean with name 'booksSecurityConfiguration': Unsatisfied dependency expressed through field 'UserDetailsService'; nested exception is org.springframework.beans.factory.NoSuchBeanDefinitionException: No qualifying bean of type 'org.springframework.security.core.userdetails.UserDetailsService' available: expected at least 1 bean which qualifies as autowire candidate. Dependency annotations: {@org.springframework.beans.factory.annotation.Autowired(required=true)}
2022-08-23 09:10:59.830  INFO [BOOK,,] 117548 --- [main] j.LocalContainerEntityManagerFactoryBean : Closing JPA EntityManagerFactory for persistence unit 'default'
2022-08-23 09:10:59.889  INFO [BOOK,,] 117548 --- [main] com.zaxxer.hikari.HikariDataSource       : HikariPool-1 - Shutdown initiated...
2022-08-23 09:10:59.948  INFO [BOOK,,] 117548 --- [main] com.zaxxer.hikari.HikariDataSource       : HikariPool-1 - Shutdown completed.
2022-08-23 09:11:00.953  WARN [BOOK,,] 117548 --- [main] z.r.AsyncReporter$BoundedAsyncReporter   : Timed out waiting for in-flight spans to send
2022-08-23 09:11:00.964  INFO [BOOK,,] 117548 --- [main] o.apache.catalina.core.StandardService   : Stopping service [Tomcat]
2022-08-23 09:11:01.010  INFO [BOOK,,] 117548 --- [main] ConditionEvaluationReportLoggingListener : 

Error starting ApplicationContext. To display the conditions report re-run your application with 'debug' enabled.
2022-08-23 09:11:01.188 ERROR [BOOK,,] 117548 --- [main] o.s.b.d.LoggingFailureAnalysisReporter   : 

***************************
APPLICATION FAILED TO START
***************************

Description:

Field UserDetailsService in com.books.books.security.BooksSecurityConfiguration required a bean of type 'org.springframework.security.core.userdetails.UserDetailsService' that could not be found.

The injection point has the following annotations:
	- @org.springframework.beans.factory.annotation.Autowired(required=true)


Action:

Consider defining a bean of type 'org.springframework.security.core.userdetails.UserDetailsService' in your configuration.

