2022-08-21 14:57:38.695  INFO [STUDENT,,] 30168 --- [main] c.c.c.ConfigServicePropertySourceLocator : Fetching config from server at : http://localhost:8888
2022-08-21 14:57:39.139  INFO [STUDENT,,] 30168 --- [main] c.c.c.ConfigServicePropertySourceLocator : Connect Timeout Exception on Url - http://localhost:8888. Will be trying the next url if available
2022-08-21 14:57:39.142  WARN [STUDENT,,] 30168 --- [main] c.c.c.ConfigServicePropertySourceLocator : Could not locate PropertySource: I/O error on GET request for "http://localhost:8888/STUDENT/default": Connection refused: no further information; nested exception is java.net.ConnectException: Connection refused: no further information
2022-08-21 14:57:39.162  INFO [STUDENT,,] 30168 --- [main] com.books.books.BooksApplication         : The following 1 profile is active: "native"
2022-08-21 14:57:42.182  INFO [STUDENT,,] 30168 --- [main] .s.d.r.c.RepositoryConfigurationDelegate : Bootstrapping Spring Data MongoDB repositories in DEFAULT mode.
2022-08-21 14:57:42.940  INFO [STUDENT,,] 30168 --- [main] .s.d.r.c.RepositoryConfigurationDelegate : Finished Spring Data repository scanning in 713 ms. Found 2 MongoDB repository interfaces.
2022-08-21 14:57:43.791  INFO [STUDENT,,] 30168 --- [main] o.s.cloud.context.scope.GenericScope     : BeanFactory id=d4204453-e72c-3bea-9c2b-0c98823c2d47
2022-08-21 14:57:46.017  INFO [STUDENT,,] 30168 --- [main] o.s.b.w.embedded.tomcat.TomcatWebServer  : Tomcat initialized with port(s): 8081 (http)
2022-08-21 14:57:46.069  INFO [STUDENT,,] 30168 --- [main] o.apache.catalina.core.StandardService   : Starting service [Tomcat]
2022-08-21 14:57:46.169  INFO [STUDENT,,] 30168 --- [main] org.apache.catalina.core.StandardEngine  : Starting Servlet engine: [Apache Tomcat/9.0.65]
2022-08-21 14:57:46.690  INFO [STUDENT,,] 30168 --- [main] o.a.c.c.C.[Tomcat].[localhost].[/]       : Initializing Spring embedded WebApplicationContext
2022-08-21 14:57:46.692  INFO [STUDENT,,] 30168 --- [main] w.s.c.ServletWebServerApplicationContext : Root WebApplicationContext: initialization completed in 7450 ms
2022-08-21 14:57:47.792  WARN [STUDENT,,] 30168 --- [pool-1-thread-1] o.s.c.s.a.z.ZipkinAutoConfiguration      : Check result of the [RestTemplateSender{http://127.0.0.1:9411/api/v2/spans}] contains an error [CheckResult{ok=false, error=org.springframework.web.client.ResourceAccessException: I/O error on POST request for "http://127.0.0.1:9411/api/v2/spans": Connection refused: no further information; nested exception is java.net.ConnectException: Connection refused: no further information}]
2022-08-21 14:57:49.018  INFO [STUDENT,,] 30168 --- [cluster-ClusterId{value='6301e57c55b3356037af11d0', description='null'}-localhost:27017] org.mongodb.driver.connection            : Opened connection [connectionId{localValue:2, serverValue:4}] to localhost:27017
2022-08-21 14:57:49.020  INFO [STUDENT,,] 30168 --- [cluster-rtt-ClusterId{value='6301e57c55b3356037af11d0', description='null'}-localhost:27017] org.mongodb.driver.connection            : Opened connection [connectionId{localValue:1, serverValue:3}] to localhost:27017
2022-08-21 14:57:49.031  INFO [STUDENT,,] 30168 --- [cluster-ClusterId{value='6301e57c55b3356037af11d0', description='null'}-localhost:27017] org.mongodb.driver.cluster               : Monitor thread successfully connected to server with description ServerDescription{address=localhost:27017, type=STANDALONE, state=CONNECTED, ok=true, minWireVersion=0, maxWireVersion=17, maxDocumentSize=16777216, logicalSessionTimeoutMinutes=30, roundTripTimeNanos=63569500}
2022-08-21 14:57:49.022  INFO [STUDENT,,] 30168 --- [main] org.mongodb.driver.client                : MongoClient with metadata {"driver": {"name": "mongo-java-driver|sync|spring-boot", "version": "4.6.1"}, "os": {"type": "Windows", "name": "Windows 10", "architecture": "amd64", "version": "10.0"}, "platform": "Java/Oracle Corporation/17.0.4+11-LTS-179"} created with settings MongoClientSettings{readPreference=primary, writeConcern=WriteConcern{w=null, wTimeout=null ms, journal=null}, retryWrites=true, retryReads=true, readConcern=ReadConcern{level=null}, credential=null, streamFactoryFactory=null, commandListeners=[org.springframework.cloud.sleuth.instrument.mongodb.TraceMongoCommandListener@5942ee04], codecRegistry=ProvidersCodecRegistry{codecProviders=[ValueCodecProvider{}, BsonValueCodecProvider{}, DBRefCodecProvider{}, DBObjectCodecProvider{}, DocumentCodecProvider{}, IterableCodecProvider{}, MapCodecProvider{}, GeoJsonCodecProvider{}, GridFSFileCodecProvider{}, Jsr310CodecProvider{}, JsonObjectCodecProvider{}, BsonCodecProvider{}, EnumCodecProvider{}, com.mongodb.Jep395RecordCodecProvider@5e76a2bb]}, clusterSettings={hosts=[localhost:27017], srvServiceName=mongodb, mode=SINGLE, requiredClusterType=UNKNOWN, requiredReplicaSetName='null', serverSelector='null', clusterListeners='[]', serverSelectionTimeout='30000 ms', localThreshold='30000 ms'}, socketSettings=SocketSettings{connectTimeoutMS=10000, readTimeoutMS=0, receiveBufferSize=0, sendBufferSize=0}, heartbeatSocketSettings=SocketSettings{connectTimeoutMS=10000, readTimeoutMS=10000, receiveBufferSize=0, sendBufferSize=0}, connectionPoolSettings=ConnectionPoolSettings{maxSize=100, minSize=0, maxWaitTimeMS=120000, maxConnectionLifeTimeMS=0, maxConnectionIdleTimeMS=0, maintenanceInitialDelayMS=0, maintenanceFrequencyMS=60000, connectionPoolListeners=[], maxConnecting=2}, serverSettings=ServerSettings{heartbeatFrequencyMS=10000, minHeartbeatFrequencyMS=500, serverListeners='[]', serverMonitorListeners='[]'}, sslSettings=SslSettings{enabled=false, invalidHostNameAllowed=false, context=null}, applicationName='null', compressorList=[], uuidRepresentation=JAVA_LEGACY, serverApi=null, autoEncryptionSettings=null, contextProvider=org.springframework.cloud.sleuth.instrument.mongodb.TraceSynchronousMongoClientSettingsBuilderCustomizer$$Lambda$737/0x00000008010fcf80@757194dc}
2022-08-21 14:57:49.608  WARN [STUDENT,,] 30168 --- [main] o.s.data.convert.CustomConversions       : Registering converter from class java.time.LocalDateTime to class org.joda.time.LocalDateTime as reading converter although it doesn't convert from a store-supported type; You might want to check your annotation setup at the converter implementation
2022-08-21 14:57:50.044  WARN [STUDENT,,] 30168 --- [main] o.s.data.convert.CustomConversions       : Registering converter from class java.time.LocalDateTime to class org.joda.time.LocalDateTime as reading converter although it doesn't convert from a store-supported type; You might want to check your annotation setup at the converter implementation
2022-08-21 14:57:53.660  INFO [STUDENT,,] 30168 --- [main] DiscoveryClientOptionalArgsConfiguration : Eureka HTTP Client uses RestTemplate.
2022-08-21 14:57:54.482  WARN [STUDENT,,] 30168 --- [main] iguration$LoadBalancerCaffeineWarnLogger : Spring Cloud LoadBalancer is currently working with the default cache. While this cache implementation is useful for development and tests, it's recommended to use Caffeine cache in production.You can switch to using Caffeine cache, by adding it and org.springframework.cache.caffeine.CaffeineCacheManager to the classpath.
2022-08-21 14:57:54.897  INFO [STUDENT,,] 30168 --- [main] o.s.c.n.eureka.InstanceInfoFactory       : Setting initial instance status as: STARTING
2022-08-21 14:57:55.357  INFO [STUDENT,,] 30168 --- [main] com.netflix.discovery.DiscoveryClient    : Initializing Eureka in region us-east-1
2022-08-21 14:57:55.376  INFO [STUDENT,,] 30168 --- [main] c.n.d.s.r.aws.ConfigClusterResolver      : Resolving eureka endpoints via configuration
2022-08-21 14:57:55.452  INFO [STUDENT,,] 30168 --- [main] com.netflix.discovery.DiscoveryClient    : Disable delta property : false
2022-08-21 14:57:55.456  INFO [STUDENT,,] 30168 --- [main] com.netflix.discovery.DiscoveryClient    : Single vip registry refresh property : null
2022-08-21 14:57:55.457  INFO [STUDENT,,] 30168 --- [main] com.netflix.discovery.DiscoveryClient    : Force full registry fetch : false
2022-08-21 14:57:55.458  INFO [STUDENT,,] 30168 --- [main] com.netflix.discovery.DiscoveryClient    : Application is null : false
2022-08-21 14:57:55.459  INFO [STUDENT,,] 30168 --- [main] com.netflix.discovery.DiscoveryClient    : Registered Applications size is zero : true
2022-08-21 14:57:55.460  INFO [STUDENT,,] 30168 --- [main] com.netflix.discovery.DiscoveryClient    : Application version is -1: true
2022-08-21 14:57:55.461  INFO [STUDENT,,] 30168 --- [main] com.netflix.discovery.DiscoveryClient    : Getting all instance registry info from the eureka server
2022-08-21 14:57:56.691  INFO [STUDENT,,] 30168 --- [main] com.netflix.discovery.DiscoveryClient    : The response status is 200
2022-08-21 14:57:56.705  INFO [STUDENT,,] 30168 --- [main] com.netflix.discovery.DiscoveryClient    : Starting heartbeat executor: renew interval is: 30
2022-08-21 14:57:56.741  INFO [STUDENT,,] 30168 --- [main] c.n.discovery.InstanceInfoReplicator     : InstanceInfoReplicator onDemand update allowed rate per min is 4
2022-08-21 14:57:56.833  INFO [STUDENT,,] 30168 --- [main] com.netflix.discovery.DiscoveryClient    : Discovery Client initialized at timestamp 1661068676798 with initial instances count: 2
2022-08-21 14:57:56.861  INFO [STUDENT,,] 30168 --- [main] o.s.c.n.e.s.EurekaServiceRegistry        : Registering application STUDENT with eureka with status UP
2022-08-21 14:57:56.864  INFO [STUDENT,,] 30168 --- [main] com.netflix.discovery.DiscoveryClient    : Saw local status change event StatusChangeEvent [timestamp=1661068676864, current=UP, previous=STARTING]
2022-08-21 14:57:56.874  INFO [STUDENT,,] 30168 --- [DiscoveryClient-InstanceInfoReplicator-0] com.netflix.discovery.DiscoveryClient    : DiscoveryClient_STUDENT/host.docker.internal:STUDENT:8081: registering service...
2022-08-21 14:57:57.045  INFO [STUDENT,,] 30168 --- [main] o.s.b.w.embedded.tomcat.TomcatWebServer  : Tomcat started on port(s): 8081 (http) with context path ''
2022-08-21 14:57:57.064  INFO [STUDENT,,] 30168 --- [main] .s.c.n.e.s.EurekaAutoServiceRegistration : Updating port to 8081
2022-08-21 14:57:57.144  INFO [STUDENT,,] 30168 --- [DiscoveryClient-InstanceInfoReplicator-0] com.netflix.discovery.DiscoveryClient    : DiscoveryClient_STUDENT/host.docker.internal:STUDENT:8081 - registration status: 204
2022-08-21 14:57:57.573  INFO [STUDENT,,] 30168 --- [main] com.books.books.BooksApplication         : Started BooksApplication in 22.739 seconds (JVM running for 25.016)
2022-08-21 14:58:53.607  INFO [STUDENT,,] 30168 --- [Thread-3] o.s.c.s.a.z.ZipkinAutoConfiguration      : Flushing remaining spans on shutdown
2022-08-21 14:58:53.626  INFO [STUDENT,,] 30168 --- [SpringApplicationShutdownHook] o.s.c.n.e.s.EurekaServiceRegistry        : Unregistering application STUDENT with eureka with status DOWN
2022-08-21 14:58:53.636  INFO [STUDENT,,] 30168 --- [SpringApplicationShutdownHook] com.netflix.discovery.DiscoveryClient    : Saw local status change event StatusChangeEvent [timestamp=1661068733636, current=DOWN, previous=UP]
2022-08-21 14:58:53.639  INFO [STUDENT,,] 30168 --- [DiscoveryClient-InstanceInfoReplicator-0] com.netflix.discovery.DiscoveryClient    : DiscoveryClient_STUDENT/host.docker.internal:STUDENT:8081: registering service...
2022-08-21 14:58:53.653  INFO [STUDENT,,] 30168 --- [DiscoveryClient-InstanceInfoReplicator-0] com.netflix.discovery.DiscoveryClient    : DiscoveryClient_STUDENT/host.docker.internal:STUDENT:8081 - registration status: 204
2022-08-21 14:58:54.932  INFO [STUDENT,,] 30168 --- [SpringApplicationShutdownHook] com.netflix.discovery.DiscoveryClient    : Shutting down DiscoveryClient ...
2022-08-21 14:58:57.936  WARN [STUDENT,,] 30168 --- [DiscoveryClient-1] c.netflix.discovery.TimedSupervisorTask  : task supervisor shutting down, can't accept the task
2022-08-21 14:58:57.943  INFO [STUDENT,,] 30168 --- [SpringApplicationShutdownHook] com.netflix.discovery.DiscoveryClient    : Unregistering ...
2022-08-21 14:58:58.100  INFO [STUDENT,,] 30168 --- [SpringApplicationShutdownHook] com.netflix.discovery.DiscoveryClient    : DiscoveryClient_STUDENT/host.docker.internal:STUDENT:8081 - deregister  status: 200
2022-08-21 14:58:58.123  INFO [STUDENT,,] 30168 --- [SpringApplicationShutdownHook] com.netflix.discovery.DiscoveryClient    : Completed shut down of DiscoveryClient
